GridTools::compute_harmonic_cell_extend:
0.501946 0.501946 
0.606395 0.418536 
0.418536 0.606395 
0.501946 0.501946 
0.606395 0.418536 
0.418536 0.606395 
0.501946 0.501946 
0.606395 0.418536 
0.418536 0.606395 
0.501946 0.501946 
0.606395 0.418536 
0.418536 0.606395 

GridTools::compute_harmonic_patch_extend:
0.501946 0.501946 0.418536     0.501946 0.501946 0.418536     
0.606395 0.606395 0.606395     0.000000 0.418536 0.501946     
0.000000 0.418536 0.501946     0.606395 0.606395 0.606395     
0.501946 0.501946 0.418536     0.501946 0.501946 0.418536     
0.606395 0.606395 0.606395     0.000000 0.418536 0.501946     
0.000000 0.418536 0.501946     0.606395 0.606395 0.606395     
0.501946 0.501946 0.418536     0.501946 0.501946 0.418536     
0.606395 0.606395 0.606395     0.000000 0.418536 0.501946     
0.000000 0.418536 0.501946     0.606395 0.606395 0.606395     
0.501946 0.501946 0.418536     0.501946 0.501946 0.418536     
0.606395 0.606395 0.606395     0.000000 0.418536 0.501946     
0.000000 0.418536 0.501946     0.606395 0.606395 0.606395     

