8 
0 6 1 4 8 5 2 7 3 
0 6 1 12 4 8 5 14 2 7 3 13 17 20 18 24 
0 6 1 12 9 4 8 5 14 11 2 7 3 13 10 17 20 18 24 22 15 19 16 23 21 

14 
1 12 9 5 14 11 3 13 10 
6 1 12 9 28 8 5 14 11 30 7 3 13 10 29 20 18 24 22 40 
0 6 1 12 9 28 25 4 8 5 14 11 30 27 2 7 3 13 10 29 26 17 20 18 24 22 40 38 15 19 16 23 21 39 37 

20 
2 7 3 17 20 18 15 19 16 
4 8 5 14 2 7 3 13 17 20 18 24 15 19 16 23 47 50 48 54 
0 6 1 12 9 4 8 5 14 11 2 7 3 13 10 17 20 18 24 22 15 19 16 23 21 47 50 48 54 52 45 49 46 53 51 

24 
3 13 10 18 24 22 16 23 21 
8 5 14 11 30 7 3 13 10 29 20 18 24 22 40 19 16 23 21 39 50 48 54 52 68 
0 6 1 12 9 28 25 4 8 5 14 11 30 27 2 7 3 13 10 29 26 17 20 18 24 22 40 38 15 19 16 23 21 39 37 47 50 48 54 52 68 66 45 49 46 53 51 67 65 

30 
9 28 25 11 30 27 10 29 26 
12 9 28 25 34 14 11 30 27 36 13 10 29 26 35 24 22 40 38 44 
1 12 9 28 25 34 31 5 14 11 30 27 36 33 3 13 10 29 26 35 32 18 24 22 40 38 44 42 16 23 21 39 37 43 41 

36 
25 34 31 27 36 33 26 35 32 
28 25 34 31 84 30 27 36 33 86 29 26 35 32 85 40 38 44 42 96 
9 28 25 34 31 84 81 11 30 27 36 33 86 83 10 29 26 35 32 85 82 22 40 38 44 42 96 94 21 39 37 43 41 95 93 

40 
10 29 26 22 40 38 21 39 37 
14 11 30 27 36 13 10 29 26 35 24 22 40 38 44 23 21 39 37 43 54 52 68 66 72 
1 12 9 28 25 34 31 5 14 11 30 27 36 33 3 13 10 29 26 35 32 18 24 22 40 38 44 42 16 23 21 39 37 43 41 48 54 52 68 66 72 70 46 53 51 67 65 71 69 

44 
26 35 32 38 44 42 37 43 41 
30 27 36 33 86 29 26 35 32 85 40 38 44 42 96 39 37 43 41 95 68 66 72 70 124 
9 28 25 34 31 84 81 11 30 27 36 33 86 83 10 29 26 35 32 85 82 22 40 38 44 42 96 94 21 39 37 43 41 95 93 52 68 66 72 70 124 122 51 67 65 71 69 123 121 

50 
15 19 16 47 50 48 45 49 46 
17 20 18 24 15 19 16 23 47 50 48 54 45 49 46 53 57 60 58 64 
2 7 3 13 10 17 20 18 24 22 15 19 16 23 21 47 50 48 54 52 45 49 46 53 51 57 60 58 64 62 55 59 56 63 61 

54 
16 23 21 48 54 52 46 53 51 
20 18 24 22 40 19 16 23 21 39 50 48 54 52 68 49 46 53 51 67 60 58 64 62 76 
2 7 3 13 10 29 26 17 20 18 24 22 40 38 15 19 16 23 21 39 37 47 50 48 54 52 68 66 45 49 46 53 51 67 65 57 60 58 64 62 76 74 55 59 56 63 61 75 73 

60 
45 49 46 57 60 58 55 59 56 
47 50 48 54 45 49 46 53 57 60 58 64 55 59 56 63 155 158 156 162 
15 19 16 23 21 47 50 48 54 52 45 49 46 53 51 57 60 58 64 62 55 59 56 63 61 155 158 156 162 160 153 157 154 161 159 

64 
46 53 51 58 64 62 56 63 61 
50 48 54 52 68 49 46 53 51 67 60 58 64 62 76 59 56 63 61 75 158 156 162 160 176 
15 19 16 23 21 39 37 47 50 48 54 52 68 66 45 49 46 53 51 67 65 57 60 58 64 62 76 74 55 59 56 63 61 75 73 155 158 156 162 160 176 174 153 157 154 161 159 175 173 

68 
21 39 37 52 68 66 51 67 65 
24 22 40 38 44 23 21 39 37 43 54 52 68 66 72 53 51 67 65 71 64 62 76 74 80 
3 13 10 29 26 35 32 18 24 22 40 38 44 42 16 23 21 39 37 43 41 48 54 52 68 66 72 70 46 53 51 67 65 71 69 58 64 62 76 74 80 78 56 63 61 75 73 79 77 

72 
37 43 41 66 72 70 65 71 69 
40 38 44 42 96 39 37 43 41 95 68 66 72 70 124 67 65 71 69 123 76 74 80 78 132 
10 29 26 35 32 85 82 22 40 38 44 42 96 94 21 39 37 43 41 95 93 52 68 66 72 70 124 122 51 67 65 71 69 123 121 62 76 74 80 78 132 130 61 75 73 79 77 131 129 

76 
51 67 65 62 76 74 61 75 73 
54 52 68 66 72 53 51 67 65 71 64 62 76 74 80 63 61 75 73 79 162 160 176 174 180 
16 23 21 39 37 43 41 48 54 52 68 66 72 70 46 53 51 67 65 71 69 58 64 62 76 74 80 78 56 63 61 75 73 79 77 156 162 160 176 174 180 178 154 161 159 175 173 179 177 

80 
65 71 69 74 80 78 73 79 77 
68 66 72 70 124 67 65 71 69 123 76 74 80 78 132 75 73 79 77 131 176 174 180 178 228 
21 39 37 43 41 95 93 52 68 66 72 70 124 122 51 67 65 71 69 123 121 62 76 74 80 78 132 130 61 75 73 79 77 131 129 160 176 174 180 178 228 226 159 175 173 179 177 227 225 

86 
31 84 81 33 86 83 32 85 82 
34 31 84 81 90 36 33 86 83 92 35 32 85 82 91 44 42 96 94 100 
25 34 31 84 81 90 87 27 36 33 86 83 92 89 26 35 32 85 82 91 88 38 44 42 96 94 100 98 37 43 41 95 93 99 97 

92 
81 90 87 83 92 89 82 91 88 
84 81 90 87 104 86 83 92 89 106 85 82 91 88 105 96 94 100 98 116 
31 84 81 90 87 104 101 33 86 83 92 89 106 103 32 85 82 91 88 105 102 42 96 94 100 98 116 114 41 95 93 99 97 115 113 

96 
32 85 82 42 96 94 41 95 93 
36 33 86 83 92 35 32 85 82 91 44 42 96 94 100 43 41 95 93 99 72 70 124 122 128 
25 34 31 84 81 90 87 27 36 33 86 83 92 89 26 35 32 85 82 91 88 38 44 42 96 94 100 98 37 43 41 95 93 99 97 66 72 70 124 122 128 126 65 71 69 123 121 127 125 

100 
82 91 88 94 100 98 93 99 97 
86 83 92 89 106 85 82 91 88 105 96 94 100 98 116 95 93 99 97 115 124 122 128 126 140 
31 84 81 90 87 104 101 33 86 83 92 89 106 103 32 85 82 91 88 105 102 42 96 94 100 98 116 114 41 95 93 99 97 115 113 70 124 122 128 126 140 138 69 123 121 127 125 139 137 

106 
87 104 101 89 106 103 88 105 102 
90 87 104 101 110 92 89 106 103 112 91 88 105 102 111 100 98 116 114 120 
81 90 87 104 101 110 107 83 92 89 106 103 112 109 82 91 88 105 102 111 108 94 100 98 116 114 120 118 93 99 97 115 113 119 117 

112 
101 110 107 103 112 109 102 111 108 
104 101 110 107 106 103 112 109 105 102 111 108 116 114 120 118 
87 104 101 110 107 89 106 103 112 109 88 105 102 111 108 98 116 114 120 118 97 115 113 119 117 

116 
88 105 102 98 116 114 97 115 113 
92 89 106 103 112 91 88 105 102 111 100 98 116 114 120 99 97 115 113 119 128 126 140 138 144 
81 90 87 104 101 110 107 83 92 89 106 103 112 109 82 91 88 105 102 111 108 94 100 98 116 114 120 118 93 99 97 115 113 119 117 122 128 126 140 138 144 142 121 127 125 139 137 143 141 

120 
102 111 108 114 120 118 113 119 117 
106 103 112 109 105 102 111 108 116 114 120 118 115 113 119 117 140 138 144 142 
87 104 101 110 107 89 106 103 112 109 88 105 102 111 108 98 116 114 120 118 97 115 113 119 117 126 140 138 144 142 125 139 137 143 141 

124 
41 95 93 70 124 122 69 123 121 
44 42 96 94 100 43 41 95 93 99 72 70 124 122 128 71 69 123 121 127 80 78 132 130 136 
26 35 32 85 82 91 88 38 44 42 96 94 100 98 37 43 41 95 93 99 97 66 72 70 124 122 128 126 65 71 69 123 121 127 125 74 80 78 132 130 136 134 73 79 77 131 129 135 133 

128 
93 99 97 122 128 126 121 127 125 
96 94 100 98 116 95 93 99 97 115 124 122 128 126 140 123 121 127 125 139 132 130 136 134 148 
32 85 82 91 88 105 102 42 96 94 100 98 116 114 41 95 93 99 97 115 113 70 124 122 128 126 140 138 69 123 121 127 125 139 137 78 132 130 136 134 148 146 77 131 129 135 133 147 145 

132 
69 123 121 78 132 130 77 131 129 
72 70 124 122 128 71 69 123 121 127 80 78 132 130 136 79 77 131 129 135 180 178 228 226 232 
37 43 41 95 93 99 97 66 72 70 124 122 128 126 65 71 69 123 121 127 125 74 80 78 132 130 136 134 73 79 77 131 129 135 133 174 180 178 228 226 232 230 173 179 177 227 225 231 229 

136 
121 127 125 130 136 134 129 135 133 
124 122 128 126 140 123 121 127 125 139 132 130 136 134 148 131 129 135 133 147 228 226 232 230 244 
41 95 93 99 97 115 113 70 124 122 128 126 140 138 69 123 121 127 125 139 137 78 132 130 136 134 148 146 77 131 129 135 133 147 145 178 228 226 232 230 244 242 177 227 225 231 229 243 241 

140 
97 115 113 126 140 138 125 139 137 
100 98 116 114 120 99 97 115 113 119 128 126 140 138 144 127 125 139 137 143 136 134 148 146 152 
82 91 88 105 102 111 108 94 100 98 116 114 120 118 93 99 97 115 113 119 117 122 128 126 140 138 144 142 121 127 125 139 137 143 141 130 136 134 148 146 152 150 129 135 133 147 145 151 149 

144 
113 119 117 138 144 142 137 143 141 
116 114 120 118 115 113 119 117 140 138 144 142 139 137 143 141 148 146 152 150 
88 105 102 111 108 98 116 114 120 118 97 115 113 119 117 126 140 138 144 142 125 139 137 143 141 134 148 146 152 150 133 147 145 151 149 

148 
125 139 137 134 148 146 133 147 145 
128 126 140 138 144 127 125 139 137 143 136 134 148 146 152 135 133 147 145 151 232 230 244 242 248 
93 99 97 115 113 119 117 122 128 126 140 138 144 142 121 127 125 139 137 143 141 130 136 134 148 146 152 150 129 135 133 147 145 151 149 226 232 230 244 242 248 246 225 231 229 243 241 247 245 

152 
137 143 141 146 152 150 145 151 149 
140 138 144 142 139 137 143 141 148 146 152 150 147 145 151 149 244 242 248 246 
97 115 113 119 117 126 140 138 144 142 125 139 137 143 141 134 148 146 152 150 133 147 145 151 149 230 244 242 248 246 229 243 241 247 245 

158 
55 59 56 155 158 156 153 157 154 
57 60 58 64 55 59 56 63 155 158 156 162 153 157 154 161 165 168 166 172 
45 49 46 53 51 57 60 58 64 62 55 59 56 63 61 155 158 156 162 160 153 157 154 161 159 165 168 166 172 170 163 167 164 171 169 

162 
56 63 61 156 162 160 154 161 159 
60 58 64 62 76 59 56 63 61 75 158 156 162 160 176 157 154 161 159 175 168 166 172 170 184 
45 49 46 53 51 67 65 57 60 58 64 62 76 74 55 59 56 63 61 75 73 155 158 156 162 160 176 174 153 157 154 161 159 175 173 165 168 166 172 170 184 182 163 167 164 171 169 183 181 

168 
153 157 154 165 168 166 163 167 164 
155 158 156 162 153 157 154 161 165 168 166 172 163 167 164 171 191 194 192 198 
55 59 56 63 61 155 158 156 162 160 153 157 154 161 159 165 168 166 172 170 163 167 164 171 169 191 194 192 198 196 189 193 190 197 195 

172 
154 161 159 166 172 170 164 171 169 
158 156 162 160 176 157 154 161 159 175 168 166 172 170 184 167 164 171 169 183 194 192 198 196 212 
55 59 56 63 61 75 73 155 158 156 162 160 176 174 153 157 154 161 159 175 173 165 168 166 172 170 184 182 163 167 164 171 169 183 181 191 194 192 198 196 212 210 189 193 190 197 195 211 209 

176 
61 75 73 160 176 174 159 175 173 
64 62 76 74 80 63 61 75 73 79 162 160 176 174 180 161 159 175 173 179 172 170 184 182 188 
46 53 51 67 65 71 69 58 64 62 76 74 80 78 56 63 61 75 73 79 77 156 162 160 176 174 180 178 154 161 159 175 173 179 177 166 172 170 184 182 188 186 164 171 169 183 181 187 185 

180 
73 79 77 174 180 178 173 179 177 
76 74 80 78 132 75 73 79 77 131 176 174 180 178 228 175 173 179 177 227 184 182 188 186 236 
51 67 65 71 69 123 121 62 76 74 80 78 132 130 61 75 73 79 77 131 129 160 176 174 180 178 228 226 159 175 173 179 177 227 225 170 184 182 188 186 236 234 169 183 181 187 185 235 233 

184 
159 175 173 170 184 182 169 183 181 
162 160 176 174 180 161 159 175 173 179 172 170 184 182 188 171 169 183 181 187 198 196 212 210 216 
56 63 61 75 73 79 77 156 162 160 176 174 180 178 154 161 159 175 173 179 177 166 172 170 184 182 188 186 164 171 169 183 181 187 185 192 198 196 212 210 216 214 190 197 195 211 209 215 213 

188 
173 179 177 182 188 186 181 187 185 
176 174 180 178 228 175 173 179 177 227 184 182 188 186 236 183 181 187 185 235 212 210 216 214 260 
61 75 73 79 77 131 129 160 176 174 180 178 228 226 159 175 173 179 177 227 225 170 184 182 188 186 236 234 169 183 181 187 185 235 233 196 212 210 216 214 260 258 195 211 209 215 213 259 257 

194 
163 167 164 191 194 192 189 193 190 
165 168 166 172 163 167 164 171 191 194 192 198 189 193 190 197 201 204 202 208 
153 157 154 161 159 165 168 166 172 170 163 167 164 171 169 191 194 192 198 196 189 193 190 197 195 201 204 202 208 206 199 203 200 207 205 

198 
164 171 169 192 198 196 190 197 195 
168 166 172 170 184 167 164 171 169 183 194 192 198 196 212 193 190 197 195 211 204 202 208 206 220 
153 157 154 161 159 175 173 165 168 166 172 170 184 182 163 167 164 171 169 183 181 191 194 192 198 196 212 210 189 193 190 197 195 211 209 201 204 202 208 206 220 218 199 203 200 207 205 219 217 

204 
189 193 190 201 204 202 199 203 200 
191 194 192 198 189 193 190 197 201 204 202 208 199 203 200 207 
163 167 164 171 169 191 194 192 198 196 189 193 190 197 195 201 204 202 208 206 199 203 200 207 205 

208 
190 197 195 202 208 206 200 207 205 
194 192 198 196 212 193 190 197 195 211 204 202 208 206 220 203 200 207 205 219 
163 167 164 171 169 183 181 191 194 192 198 196 212 210 189 193 190 197 195 211 209 201 204 202 208 206 220 218 199 203 200 207 205 219 217 

212 
169 183 181 196 212 210 195 211 209 
172 170 184 182 188 171 169 183 181 187 198 196 212 210 216 197 195 211 209 215 208 206 220 218 224 
154 161 159 175 173 179 177 166 172 170 184 182 188 186 164 171 169 183 181 187 185 192 198 196 212 210 216 214 190 197 195 211 209 215 213 202 208 206 220 218 224 222 200 207 205 219 217 223 221 

216 
181 187 185 210 216 214 209 215 213 
184 182 188 186 236 183 181 187 185 235 212 210 216 214 260 211 209 215 213 259 220 218 224 222 268 
159 175 173 179 177 227 225 170 184 182 188 186 236 234 169 183 181 187 185 235 233 196 212 210 216 214 260 258 195 211 209 215 213 259 257 206 220 218 224 222 268 266 205 219 217 223 221 267 265 

220 
195 211 209 206 220 218 205 219 217 
198 196 212 210 216 197 195 211 209 215 208 206 220 218 224 207 205 219 217 223 
164 171 169 183 181 187 185 192 198 196 212 210 216 214 190 197 195 211 209 215 213 202 208 206 220 218 224 222 200 207 205 219 217 223 221 

224 
209 215 213 218 224 222 217 223 221 
212 210 216 214 260 211 209 215 213 259 220 218 224 222 268 219 217 223 221 267 
169 183 181 187 185 235 233 196 212 210 216 214 260 258 195 211 209 215 213 259 257 206 220 218 224 222 268 266 205 219 217 223 221 267 265 

228 
77 131 129 178 228 226 177 227 225 
80 78 132 130 136 79 77 131 129 135 180 178 228 226 232 179 177 227 225 231 188 186 236 234 240 
65 71 69 123 121 127 125 74 80 78 132 130 136 134 73 79 77 131 129 135 133 174 180 178 228 226 232 230 173 179 177 227 225 231 229 182 188 186 236 234 240 238 181 187 185 235 233 239 237 

232 
129 135 133 226 232 230 225 231 229 
132 130 136 134 148 131 129 135 133 147 228 226 232 230 244 227 225 231 229 243 236 234 240 238 252 
69 123 121 127 125 139 137 78 132 130 136 134 148 146 77 131 129 135 133 147 145 178 228 226 232 230 244 242 177 227 225 231 229 243 241 186 236 234 240 238 252 250 185 235 233 239 237 251 249 

236 
177 227 225 186 236 234 185 235 233 
180 178 228 226 232 179 177 227 225 231 188 186 236 234 240 187 185 235 233 239 216 214 260 258 264 
73 79 77 131 129 135 133 174 180 178 228 226 232 230 173 179 177 227 225 231 229 182 188 186 236 234 240 238 181 187 185 235 233 239 237 210 216 214 260 258 264 262 209 215 213 259 257 263 261 

240 
225 231 229 234 240 238 233 239 237 
228 226 232 230 244 227 225 231 229 243 236 234 240 238 252 235 233 239 237 251 260 258 264 262 276 
77 131 129 135 133 147 145 178 228 226 232 230 244 242 177 227 225 231 229 243 241 186 236 234 240 238 252 250 185 235 233 239 237 251 249 214 260 258 264 262 276 274 213 259 257 263 261 275 273 

244 
133 147 145 230 244 242 229 243 241 
136 134 148 146 152 135 133 147 145 151 232 230 244 242 248 231 229 243 241 247 240 238 252 250 256 
121 127 125 139 137 143 141 130 136 134 148 146 152 150 129 135 133 147 145 151 149 226 232 230 244 242 248 246 225 231 229 243 241 247 245 234 240 238 252 250 256 254 233 239 237 251 249 255 253 

248 
145 151 149 242 248 246 241 247 245 
148 146 152 150 147 145 151 149 244 242 248 246 243 241 247 245 252 250 256 254 
125 139 137 143 141 134 148 146 152 150 133 147 145 151 149 230 244 242 248 246 229 243 241 247 245 238 252 250 256 254 237 251 249 255 253 

252 
229 243 241 238 252 250 237 251 249 
232 230 244 242 248 231 229 243 241 247 240 238 252 250 256 239 237 251 249 255 264 262 276 274 280 
129 135 133 147 145 151 149 226 232 230 244 242 248 246 225 231 229 243 241 247 245 234 240 238 252 250 256 254 233 239 237 251 249 255 253 258 264 262 276 274 280 278 257 263 261 275 273 279 277 

256 
241 247 245 250 256 254 249 255 253 
244 242 248 246 243 241 247 245 252 250 256 254 251 249 255 253 276 274 280 278 
133 147 145 151 149 230 244 242 248 246 229 243 241 247 245 238 252 250 256 254 237 251 249 255 253 262 276 274 280 278 261 275 273 279 277 

260 
185 235 233 214 260 258 213 259 257 
188 186 236 234 240 187 185 235 233 239 216 214 260 258 264 215 213 259 257 263 224 222 268 266 272 
173 179 177 227 225 231 229 182 188 186 236 234 240 238 181 187 185 235 233 239 237 210 216 214 260 258 264 262 209 215 213 259 257 263 261 218 224 222 268 266 272 270 217 223 221 267 265 271 269 

264 
233 239 237 258 264 262 257 263 261 
236 234 240 238 252 235 233 239 237 251 260 258 264 262 276 259 257 263 261 275 268 266 272 270 284 
177 227 225 231 229 243 241 186 236 234 240 238 252 250 185 235 233 239 237 251 249 214 260 258 264 262 276 274 213 259 257 263 261 275 273 222 268 266 272 270 284 282 221 267 265 271 269 283 281 

268 
213 259 257 222 268 266 221 267 265 
216 214 260 258 264 215 213 259 257 263 224 222 268 266 272 223 221 267 265 271 
181 187 185 235 233 239 237 210 216 214 260 258 264 262 209 215 213 259 257 263 261 218 224 222 268 266 272 270 217 223 221 267 265 271 269 

272 
257 263 261 266 272 270 265 271 269 
260 258 264 262 276 259 257 263 261 275 268 266 272 270 284 267 265 271 269 283 
185 235 233 239 237 251 249 214 260 258 264 262 276 274 213 259 257 263 261 275 273 222 268 266 272 270 284 282 221 267 265 271 269 283 281 

276 
237 251 249 262 276 274 261 275 273 
240 238 252 250 256 239 237 251 249 255 264 262 276 274 280 263 261 275 273 279 272 270 284 282 288 
225 231 229 243 241 247 245 234 240 238 252 250 256 254 233 239 237 251 249 255 253 258 264 262 276 274 280 278 257 263 261 275 273 279 277 266 272 270 284 282 288 286 265 271 269 283 281 287 285 

280 
249 255 253 274 280 278 273 279 277 
252 250 256 254 251 249 255 253 276 274 280 278 275 273 279 277 284 282 288 286 
229 243 241 247 245 238 252 250 256 254 237 251 249 255 253 262 276 274 280 278 261 275 273 279 277 270 284 282 288 286 269 283 281 287 285 

284 
261 275 273 270 284 282 269 283 281 
264 262 276 274 280 263 261 275 273 279 272 270 284 282 288 271 269 283 281 287 
233 239 237 251 249 255 253 258 264 262 276 274 280 278 257 263 261 275 273 279 277 266 272 270 284 282 288 286 265 271 269 283 281 287 285 

288 
273 279 277 282 288 286 281 287 285 
276 274 280 278 275 273 279 277 284 282 288 286 283 281 287 285 
237 251 249 255 253 262 276 274 280 278 261 275 273 279 277 270 284 282 288 286 269 283 281 287 285 

