    1     0    1    1    1  1.00e+00
    2     0    2    1    1  2.00e+00
    3     0    3    1    1  3.00e+00
    4     0    2    2    1  4.00e+00
    5     0    3    2    1  6.00e+00
    6     1    1    1    1  8.00e+00
    7     0    3    2    2  1.20e+01
    8     1    2    1    1  1.60e+01
    9     1    3    1    1  2.40e+01
   10     1    2    2    1  3.20e+01
   11     1    3    2    1  4.80e+01
   12     2    1    1    1  6.40e+01
   13     1    3    2    2  9.60e+01
   14     2    2    1    1  1.28e+02
   15     2    3    1    1  1.92e+02
   16     2    2    2    1  2.56e+02
   17     2    3    2    1  3.84e+02
   18     3    1    1    1  5.12e+02
   19     2    3    2    2  7.68e+02
   20     3    2    1    1  1.02e+03
   21     3    3    1    1  1.54e+03
   22     3    2    2    1  2.05e+03
   23     3    3    2    1  3.07e+03
   24     4    1    1    1  4.10e+03
   25     3    3    2    2  6.14e+03
   26     4    2    1    1  8.19e+03
   27     4    3    1    1  1.23e+04
   28     4    2    2    1  1.64e+04
   29     4    3    2    1  2.46e+04
   30     5    1    1    1  3.28e+04
   31     4    3    2    2  4.92e+04
   32     5    2    1    1  6.55e+04
   33     5    3    1    1  9.83e+04
   34     5    2    2    1  1.31e+05
   35     5    3    2    1  1.97e+05
   36     6    1    1    1  2.62e+05
   37     5    3    2    2  3.93e+05
   38     6    2    1    1  5.24e+05
   39     6    3    1    1  7.86e+05
   40     6    2    2    1  1.05e+06
   41     6    3    2    1  1.57e+06
   42     7    1    1    1  2.10e+06
   43     6    3    2    2  3.15e+06
   44     7    2    1    1  4.19e+06
   45     7    3    1    1  6.29e+06
   46     7    2    2    1  8.39e+06
   47     7    3    2    1  1.26e+07
   48     8    1    1    1  1.68e+07
   49     7    3    2    2  2.52e+07
